  Viewer.cpp
c:\users\snow\documents\3d_graphics\practicals\practical2\src\viewer.cpp(42): warning C4244: 'argument' : conversion de 'float' en 'unsigned int', perte possible de données
c:\users\snow\documents\3d_graphics\practicals\practical2\src\viewer.cpp(71): warning C4244: 'argument' : conversion de 'unsigned int' en 'float', perte possible de données
c:\users\snow\documents\3d_graphics\practicals\practical2\src\viewer.cpp(122): warning C4244: 'return' : conversion de 'double' en 'float', perte possible de données
c:\users\snow\documents\3d_graphics\practicals\practical2\src\viewer.cpp(228): warning C4244: '=' : conversion de 'int' en 'float', perte possible de données
c:\users\snow\documents\3d_graphics\practicals\practical2\src\viewer.cpp(233): warning C4244: '=' : conversion de 'int' en 'float', perte possible de données
c:\users\snow\documents\3d_graphics\practicals\practical2\src\viewer.cpp(238): warning C4244: '=' : conversion de 'int' en 'float', perte possible de données
c:\users\snow\documents\3d_graphics\practicals\practical2\src\viewer.cpp(243): warning C4244: '=' : conversion de 'int' en 'float', perte possible de données
c:\users\snow\documents\3d_graphics\practicals\practical2\src\viewer.cpp(324): warning C4244: 'argument' : conversion de 'unsigned int' en 'float', perte possible de données
c:\users\snow\documents\3d_graphics\practicals\practical2\src\viewer.cpp(326): warning C4244: 'argument' : conversion de 'unsigned int' en 'float', perte possible de données
c:\users\snow\documents\3d_graphics\practicals\practical2\src\viewer.cpp(356): warning C4244: 'initialisation' : conversion de 'double' en 'float', perte possible de données
  Utils.cpp
c:\users\snow\documents\3d_graphics\practicals\practical2\src\utils.cpp(12): warning C4244: 'return' : conversion de 'double' en 'float', perte possible de données
c:\users\snow\documents\3d_graphics\practicals\practical2\src\utils.cpp(20): warning C4244: 'initialisation' : conversion de 'double' en 'float', perte possible de données
c:\users\snow\documents\3d_graphics\practicals\practical2\src\utils.cpp(36): warning C4244: '=' : conversion de 'double' en 'float', perte possible de données
  TextEngine.cpp
c:\users\snow\documents\3d_graphics\practicals\practical2\src\textengine.cpp(19): warning C4099: 'TextAtlas' : nom de type déjà rencontré avec 'class' et utilisant maintenant 'struct'
  c:\users\snow\documents\3d_graphics\practicals\practical2\src\textengine.cpp(19): note: voir la déclaration de 'TextAtlas'
c:\users\snow\documents\3d_graphics\practicals\practical2\src\textengine.cpp(57): error C2039: 'max' : n'est pas membre de 'std'
  c:\program files (x86)\microsoft visual studio 14.0\vc\include\ctime(17): note: voir la déclaration de 'std'
c:\users\snow\documents\3d_graphics\practicals\practical2\src\textengine.cpp(57): error C3861: 'max' : identificateur introuvable
c:\users\snow\documents\3d_graphics\practicals\practical2\src\textengine.cpp(63): error C2039: 'max' : n'est pas membre de 'std'
  c:\program files (x86)\microsoft visual studio 14.0\vc\include\ctime(17): note: voir la déclaration de 'std'
c:\users\snow\documents\3d_graphics\practicals\practical2\src\textengine.cpp(63): error C3861: 'max' : identificateur introuvable
c:\users\snow\documents\3d_graphics\practicals\practical2\src\textengine.cpp(64): error C2039: 'max' : n'est pas membre de 'std'
  c:\program files (x86)\microsoft visual studio 14.0\vc\include\ctime(17): note: voir la déclaration de 'std'
c:\users\snow\documents\3d_graphics\practicals\practical2\src\textengine.cpp(64): error C3861: 'max' : identificateur introuvable
c:\users\snow\documents\3d_graphics\practicals\practical2\src\textengine.cpp(67): error C2039: 'max' : n'est pas membre de 'std'
  c:\program files (x86)\microsoft visual studio 14.0\vc\include\ctime(17): note: voir la déclaration de 'std'
c:\users\snow\documents\3d_graphics\practicals\practical2\src\textengine.cpp(67): error C3861: 'max' : identificateur introuvable
c:\users\snow\documents\3d_graphics\practicals\practical2\src\textengine.cpp(116): error C2039: 'max' : n'est pas membre de 'std'
  c:\program files (x86)\microsoft visual studio 14.0\vc\include\ctime(17): note: voir la déclaration de 'std'
c:\users\snow\documents\3d_graphics\practicals\practical2\src\textengine.cpp(116): error C3861: 'max' : identificateur introuvable
c:\users\snow\documents\3d_graphics\practicals\practical2\src\textengine.cpp(209): warning C4244: '-=' : conversion de 'double' en 'float', perte possible de données
  ShaderProgram.cpp
  Renderable.cpp
  MeshRenderable.cpp
  main.cpp
c:\users\snow\documents\3d_graphics\practicals\practical2\src\main.cpp(60): warning C4244: 'argument' : conversion de 'int' en 'float', perte possible de données
  log.cpp
  Io.cpp
c:\users\snow\documents\3d_graphics\practicals\practical2\src\io.cpp(5): fatal error C1083: Impossible d'ouvrir le fichier include : 'tiny_obj_loader.h' : No such file or directory
  IndexedCubeRenderable.cpp
  gl_helper.cpp
c:\users\snow\documents\3d_graphics\practicals\practical2\src\gl_helper.cpp(15): error C2679: '<<' binaire : aucun opérateur trouvé qui accepte un opérande de partie droite de type 'const std::string' (ou il n'existe pas de conversion acceptable)
  c:\program files (x86)\microsoft visual studio 14.0\vc\include\ostream(495): note: est peut-être 'std::basic_ostream<char,std::char_traits<char>> &std::basic_ostream<char,std::char_traits<char>>::operator <<(std::basic_streambuf<char,std::char_traits<char>> *)'
  c:\program files (x86)\microsoft visual studio 14.0\vc\include\ostream(475): note: ou       'std::basic_ostream<char,std::char_traits<char>> &std::basic_ostream<char,std::char_traits<char>>::operator <<(const void *)'
  c:\program files (x86)\microsoft visual studio 14.0\vc\include\ostream(455): note: ou       'std::basic_ostream<char,std::char_traits<char>> &std::basic_ostream<char,std::char_traits<char>>::operator <<(long double)'
  c:\program files (x86)\microsoft visual studio 14.0\vc\include\ostream(435): note: ou       'std::basic_ostream<char,std::char_traits<char>> &std::basic_ostream<char,std::char_traits<char>>::operator <<(double)'
  c:\program files (x86)\microsoft visual studio 14.0\vc\include\ostream(415): note: ou       'std::basic_ostream<char,std::char_traits<char>> &std::basic_ostream<char,std::char_traits<char>>::operator <<(float)'
  c:\program files (x86)\microsoft visual studio 14.0\vc\include\ostream(395): note: ou       'std::basic_ostream<char,std::char_traits<char>> &std::basic_ostream<char,std::char_traits<char>>::operator <<(unsigned __int64)'
  c:\program files (x86)\microsoft visual studio 14.0\vc\include\ostream(375): note: ou       'std::basic_ostream<char,std::char_traits<char>> &std::basic_ostream<char,std::char_traits<char>>::operator <<(__int64)'
  c:\program files (x86)\microsoft visual studio 14.0\vc\include\ostream(355): note: ou       'std::basic_ostream<char,std::char_traits<char>> &std::basic_ostream<char,std::char_traits<char>>::operator <<(unsigned long)'
  c:\program files (x86)\microsoft visual studio 14.0\vc\include\ostream(335): note: ou       'std::basic_ostream<char,std::char_traits<char>> &std::basic_ostream<char,std::char_traits<char>>::operator <<(long)'
  c:\program files (x86)\microsoft visual studio 14.0\vc\include\ostream(315): note: ou       'std::basic_ostream<char,std::char_traits<char>> &std::basic_ostream<char,std::char_traits<char>>::operator <<(unsigned int)'
  c:\program files (x86)\microsoft visual studio 14.0\vc\include\ostream(290): note: ou       'std::basic_ostream<char,std::char_traits<char>> &std::basic_ostream<char,std::char_traits<char>>::operator <<(int)'
  c:\program files (x86)\microsoft visual studio 14.0\vc\include\ostream(270): note: ou       'std::basic_ostream<char,std::char_traits<char>> &std::basic_ostream<char,std::char_traits<char>>::operator <<(unsigned short)'
  c:\program files (x86)\microsoft visual studio 14.0\vc\include\ostream(236): note: ou       'std::basic_ostream<char,std::char_traits<char>> &std::basic_ostream<char,std::char_traits<char>>::operator <<(short)'
  c:\program files (x86)\microsoft visual studio 14.0\vc\include\ostream(216): note: ou       'std::basic_ostream<char,std::char_traits<char>> &std::basic_ostream<char,std::char_traits<char>>::operator <<(bool)'
  c:\program files (x86)\microsoft visual studio 14.0\vc\include\ostream(209): note: ou       'std::basic_ostream<char,std::char_traits<char>> &std::basic_ostream<char,std::char_traits<char>>::operator <<(std::ios_base &(__cdecl *)(std::ios_base &))'
  c:\program files (x86)\microsoft visual studio 14.0\vc\include\ostream(202): note: ou       'std::basic_ostream<char,std::char_traits<char>> &std::basic_ostream<char,std::char_traits<char>>::operator <<(std::basic_ios<char,std::char_traits<char>> &(__cdecl *)(std::basic_ios<char,std::char_traits<char>> &))'
  c:\program files (x86)\microsoft visual studio 14.0\vc\include\ostream(196): note: ou       'std::basic_ostream<char,std::char_traits<char>> &std::basic_ostream<char,std::char_traits<char>>::operator <<(std::basic_ostream<char,std::char_traits<char>> &(__cdecl *)(std::basic_ostream<char,std::char_traits<char>> &))'
  c:\program files (x86)\microsoft visual studio 14.0\vc\include\ostream(692): note: ou       'std::basic_ostream<char,std::char_traits<char>> &std::operator <<<char,std::char_traits<char>>(std::basic_ostream<char,std::char_traits<char>> &,const char *)'
  c:\program files (x86)\microsoft visual studio 14.0\vc\include\ostream(739): note: ou       'std::basic_ostream<char,std::char_traits<char>> &std::operator <<<char,std::char_traits<char>>(std::basic_ostream<char,std::char_traits<char>> &,char)'
  c:\program files (x86)\microsoft visual studio 14.0\vc\include\ostream(777): note: ou       'std::basic_ostream<char,std::char_traits<char>> &std::operator <<<std::char_traits<char>>(std::basic_ostream<char,std::char_traits<char>> &,const char *)'
  c:\program files (x86)\microsoft visual studio 14.0\vc\include\ostream(824): note: ou       'std::basic_ostream<char,std::char_traits<char>> &std::operator <<<std::char_traits<char>>(std::basic_ostream<char,std::char_traits<char>> &,char)'
  c:\program files (x86)\microsoft visual studio 14.0\vc\include\ostream(950): note: ou       'std::basic_ostream<char,std::char_traits<char>> &std::operator <<<std::char_traits<char>>(std::basic_ostream<char,std::char_traits<char>> &,const signed char *)'
  c:\program files (x86)\microsoft visual studio 14.0\vc\include\ostream(957): note: ou       'std::basic_ostream<char,std::char_traits<char>> &std::operator <<<std::char_traits<char>>(std::basic_ostream<char,std::char_traits<char>> &,signed char)'
  c:\program files (x86)\microsoft visual studio 14.0\vc\include\ostream(964): note: ou       'std::basic_ostream<char,std::char_traits<char>> &std::operator <<<std::char_traits<char>>(std::basic_ostream<char,std::char_traits<char>> &,const unsigned char *)'
  c:\program files (x86)\microsoft visual studio 14.0\vc\include\ostream(971): note: ou       'std::basic_ostream<char,std::char_traits<char>> &std::operator <<<std::char_traits<char>>(std::basic_ostream<char,std::char_traits<char>> &,unsigned char)'
  c:\program files (x86)\microsoft visual studio 14.0\vc\include\ostream(981): note: ou       'std::basic_ostream<char,std::char_traits<char>> &std::operator <<<char,std::char_traits<char>,std::string>(std::basic_ostream<char,std::char_traits<char>> &&,const _Ty &)'
          with
          [
              _Ty=std::string
          ]
  c:\program files (x86)\microsoft visual studio 14.0\vc\include\ostream(1019): note: ou       'std::basic_ostream<char,std::char_traits<char>> &std::operator <<<char,std::char_traits<char>>(std::basic_ostream<char,std::char_traits<char>> &,const std::error_code &)'
  c:\users\snow\documents\3d_graphics\practicals\practical2\src\gl_helper.cpp(15): note: lors de la tentative de mise en correspondance de la liste des arguments '(std::basic_ostream<char,std::char_traits<char>>, const std::string)'
c:\users\snow\documents\3d_graphics\practicals\practical2\src\gl_helper.cpp(15): error C2088: '<<' : non conforme pour class
c:\users\snow\documents\3d_graphics\practicals\practical2\src\gl_helper.cpp(26): error C2679: '<<' binaire : aucun opérateur trouvé qui accepte un opérande de partie droite de type 'const std::string' (ou il n'existe pas de conversion acceptable)
  c:\program files (x86)\microsoft visual studio 14.0\vc\include\ostream(495): note: est peut-être 'std::basic_ostream<char,std::char_traits<char>> &std::basic_ostream<char,std::char_traits<char>>::operator <<(std::basic_streambuf<char,std::char_traits<char>> *)'
  c:\program files (x86)\microsoft visual studio 14.0\vc\include\ostream(475): note: ou       'std::basic_ostream<char,std::char_traits<char>> &std::basic_ostream<char,std::char_traits<char>>::operator <<(const void *)'
  c:\program files (x86)\microsoft visual studio 14.0\vc\include\ostream(455): note: ou       'std::basic_ostream<char,std::char_traits<char>> &std::basic_ostream<char,std::char_traits<char>>::operator <<(long double)'
  c:\program files (x86)\microsoft visual studio 14.0\vc\include\ostream(435): note: ou       'std::basic_ostream<char,std::char_traits<char>> &std::basic_ostream<char,std::char_traits<char>>::operator <<(double)'
  c:\program files (x86)\microsoft visual studio 14.0\vc\include\ostream(415): note: ou       'std::basic_ostream<char,std::char_traits<char>> &std::basic_ostream<char,std::char_traits<char>>::operator <<(float)'
  c:\program files (x86)\microsoft visual studio 14.0\vc\include\ostream(395): note: ou       'std::basic_ostream<char,std::char_traits<char>> &std::basic_ostream<char,std::char_traits<char>>::operator <<(unsigned __int64)'
  c:\program files (x86)\microsoft visual studio 14.0\vc\include\ostream(375): note: ou       'std::basic_ostream<char,std::char_traits<char>> &std::basic_ostream<char,std::char_traits<char>>::operator <<(__int64)'
  c:\program files (x86)\microsoft visual studio 14.0\vc\include\ostream(355): note: ou       'std::basic_ostream<char,std::char_traits<char>> &std::basic_ostream<char,std::char_traits<char>>::operator <<(unsigned long)'
  c:\program files (x86)\microsoft visual studio 14.0\vc\include\ostream(335): note: ou       'std::basic_ostream<char,std::char_traits<char>> &std::basic_ostream<char,std::char_traits<char>>::operator <<(long)'
  c:\program files (x86)\microsoft visual studio 14.0\vc\include\ostream(315): note: ou       'std::basic_ostream<char,std::char_traits<char>> &std::basic_ostream<char,std::char_traits<char>>::operator <<(unsigned int)'
  c:\program files (x86)\microsoft visual studio 14.0\vc\include\ostream(290): note: ou       'std::basic_ostream<char,std::char_traits<char>> &std::basic_ostream<char,std::char_traits<char>>::operator <<(int)'
  c:\program files (x86)\microsoft visual studio 14.0\vc\include\ostream(270): note: ou       'std::basic_ostream<char,std::char_traits<char>> &std::basic_ostream<char,std::char_traits<char>>::operator <<(unsigned short)'
  c:\program files (x86)\microsoft visual studio 14.0\vc\include\ostream(236): note: ou       'std::basic_ostream<char,std::char_traits<char>> &std::basic_ostream<char,std::char_traits<char>>::operator <<(short)'
  c:\program files (x86)\microsoft visual studio 14.0\vc\include\ostream(216): note: ou       'std::basic_ostream<char,std::char_traits<char>> &std::basic_ostream<char,std::char_traits<char>>::operator <<(bool)'
  c:\program files (x86)\microsoft visual studio 14.0\vc\include\ostream(209): note: ou       'std::basic_ostream<char,std::char_traits<char>> &std::basic_ostream<char,std::char_traits<char>>::operator <<(std::ios_base &(__cdecl *)(std::ios_base &))'
  c:\program files (x86)\microsoft visual studio 14.0\vc\include\ostream(202): note: ou       'std::basic_ostream<char,std::char_traits<char>> &std::basic_ostream<char,std::char_traits<char>>::operator <<(std::basic_ios<char,std::char_traits<char>> &(__cdecl *)(std::basic_ios<char,std::char_traits<char>> &))'
  c:\program files (x86)\microsoft visual studio 14.0\vc\include\ostream(196): note: ou       'std::basic_ostream<char,std::char_traits<char>> &std::basic_ostream<char,std::char_traits<char>>::operator <<(std::basic_ostream<char,std::char_traits<char>> &(__cdecl *)(std::basic_ostream<char,std::char_traits<char>> &))'
  c:\program files (x86)\microsoft visual studio 14.0\vc\include\ostream(692): note: ou       'std::basic_ostream<char,std::char_traits<char>> &std::operator <<<char,std::char_traits<char>>(std::basic_ostream<char,std::char_traits<char>> &,const char *)'
  c:\program files (x86)\microsoft visual studio 14.0\vc\include\ostream(739): note: ou       'std::basic_ostream<char,std::char_traits<char>> &std::operator <<<char,std::char_traits<char>>(std::basic_ostream<char,std::char_traits<char>> &,char)'
  c:\program files (x86)\microsoft visual studio 14.0\vc\include\ostream(777): note: ou       'std::basic_ostream<char,std::char_traits<char>> &std::operator <<<std::char_traits<char>>(std::basic_ostream<char,std::char_traits<char>> &,const char *)'
  c:\program files (x86)\microsoft visual studio 14.0\vc\include\ostream(824): note: ou       'std::basic_ostream<char,std::char_traits<char>> &std::operator <<<std::char_traits<char>>(std::basic_ostream<char,std::char_traits<char>> &,char)'
  c:\program files (x86)\microsoft visual studio 14.0\vc\include\ostream(950): note: ou       'std::basic_ostream<char,std::char_traits<char>> &std::operator <<<std::char_traits<char>>(std::basic_ostream<char,std::char_traits<char>> &,const signed char *)'
  c:\program files (x86)\microsoft visual studio 14.0\vc\include\ostream(957): note: ou       'std::basic_ostream<char,std::char_traits<char>> &std::operator <<<std::char_traits<char>>(std::basic_ostream<char,std::char_traits<char>> &,signed char)'
  c:\program files (x86)\microsoft visual studio 14.0\vc\include\ostream(964): note: ou       'std::basic_ostream<char,std::char_traits<char>> &std::operator <<<std::char_traits<char>>(std::basic_ostream<char,std::char_traits<char>> &,const unsigned char *)'
  c:\program files (x86)\microsoft visual studio 14.0\vc\include\ostream(971): note: ou       'std::basic_ostream<char,std::char_traits<char>> &std::operator <<<std::char_traits<char>>(std::basic_ostream<char,std::char_traits<char>> &,unsigned char)'
  c:\program files (x86)\microsoft visual studio 14.0\vc\include\ostream(981): note: ou       'std::basic_ostream<char,std::char_traits<char>> &std::operator <<<char,std::char_traits<char>,std::string>(std::basic_ostream<char,std::char_traits<char>> &&,const _Ty &)'
          with
          [
              _Ty=std::string
          ]
  c:\program files (x86)\microsoft visual studio 14.0\vc\include\ostream(1019): note: ou       'std::basic_ostream<char,std::char_traits<char>> &std::operator <<<char,std::char_traits<char>>(std::basic_ostream<char,std::char_traits<char>> &,const std::error_code &)'
  c:\users\snow\documents\3d_graphics\practicals\practical2\src\gl_helper.cpp(26): note: lors de la tentative de mise en correspondance de la liste des arguments '(std::basic_ostream<char,std::char_traits<char>>, const std::string)'
c:\users\snow\documents\3d_graphics\practicals\practical2\src\gl_helper.cpp(26): error C2088: '<<' : non conforme pour class
  FrameRenderable.cpp
  FPSCounter.cpp
c:\users\snow\documents\3d_graphics\practicals\practical2\src\fpscounter.cpp(24): warning C4244: '=' : conversion de 'double' en 'float', perte possible de données
  CylinderRenderable.cpp
c:\users\snow\documents\3d_graphics\practicals\practical2\src\cylinderrenderable.cpp(24): warning C4244: 'initialisation' : conversion de 'double' en 'float', perte possible de données
c:\users\snow\documents\3d_graphics\practicals\practical2\src\cylinderrenderable.cpp(25): warning C4244: 'initialisation' : conversion de 'double' en 'float', perte possible de données
  CubeRenderable.cpp
  Camera.cpp
  Génération de code en cours...
